<?xml version="1.0" encoding="UTF-8"?>
<testsuite name="LottoRandomNumberGeneratorTest" tests="1" skipped="0" failures="0" errors="0" timestamp="2022-11-24T08:42:16" hostname="iminhoui-MacBookPro.local" time="0.059">
  <properties/>
  <testcase name="it_returns()" classname="LottoRandomNumberGeneratorTest" time="0.059"/>
  <system-out><![CDATA[]]></system-out>
  <system-err><![CDATA[]]></system-err>
</testsuite>
