<?xml version="1.0" encoding="UTF-8"?>
<testsuite name="generate 메소드는" tests="102" skipped="0" failures="0" errors="0" timestamp="2022-11-24T11:33:42" hostname="iminhoui-MacBookPro.local" time="0.33">
  <properties/>
  <testcase name="repetition 1 of 102" classname="LottoRandomNumberGeneratorTest$Describe_generate" time="0.06"/>
  <testcase name="repetition 2 of 102" classname="LottoRandomNumberGeneratorTest$Describe_generate" time="0.003"/>
  <testcase name="repetition 3 of 102" classname="LottoRandomNumberGeneratorTest$Describe_generate" time="0.001"/>
  <testcase name="repetition 4 of 102" classname="LottoRandomNumberGeneratorTest$Describe_generate" time="0.0"/>
  <testcase name="repetition 5 of 102" classname="LottoRandomNumberGeneratorTest$Describe_generate" time="0.001"/>
  <testcase name="repetition 6 of 102" classname="LottoRandomNumberGeneratorTest$Describe_generate" time="0.003"/>
  <testcase name="repetition 7 of 102" classname="LottoRandomNumberGeneratorTest$Describe_generate" time="0.001"/>
  <testcase name="repetition 8 of 102" classname="LottoRandomNumberGeneratorTest$Describe_generate" time="0.003"/>
  <testcase name="repetition 9 of 102" classname="LottoRandomNumberGeneratorTest$Describe_generate" time="0.0"/>
  <testcase name="repetition 10 of 102" classname="LottoRandomNumberGeneratorTest$Describe_generate" time="0.0"/>
  <testcase name="repetition 11 of 102" classname="LottoRandomNumberGeneratorTest$Describe_generate" time="0.0"/>
  <testcase name="repetition 12 of 102" classname="LottoRandomNumberGeneratorTest$Describe_generate" time="0.0"/>
  <testcase name="repetition 13 of 102" classname="LottoRandomNumberGeneratorTest$Describe_generate" time="0.004"/>
  <testcase name="repetition 14 of 102" classname="LottoRandomNumberGeneratorTest$Describe_generate" time="0.0"/>
  <testcase name="repetition 15 of 102" classname="LottoRandomNumberGeneratorTest$Describe_generate" time="0.001"/>
  <testcase name="repetition 16 of 102" classname="LottoRandomNumberGeneratorTest$Describe_generate" time="0.001"/>
  <testcase name="repetition 17 of 102" classname="LottoRandomNumberGeneratorTest$Describe_generate" time="0.001"/>
  <testcase name="repetition 18 of 102" classname="LottoRandomNumberGeneratorTest$Describe_generate" time="0.0"/>
  <testcase name="repetition 19 of 102" classname="LottoRandomNumberGeneratorTest$Describe_generate" time="0.001"/>
  <testcase name="repetition 20 of 102" classname="LottoRandomNumberGeneratorTest$Describe_generate" time="0.0"/>
  <testcase name="repetition 21 of 102" classname="LottoRandomNumberGeneratorTest$Describe_generate" time="0.0"/>
  <testcase name="repetition 22 of 102" classname="LottoRandomNumberGeneratorTest$Describe_generate" time="0.0"/>
  <testcase name="repetition 23 of 102" classname="LottoRandomNumberGeneratorTest$Describe_generate" time="0.001"/>
  <testcase name="repetition 24 of 102" classname="LottoRandomNumberGeneratorTest$Describe_generate" time="0.002"/>
  <testcase name="repetition 25 of 102" classname="LottoRandomNumberGeneratorTest$Describe_generate" time="0.001"/>
  <testcase name="repetition 26 of 102" classname="LottoRandomNumberGeneratorTest$Describe_generate" time="0.0"/>
  <testcase name="repetition 27 of 102" classname="LottoRandomNumberGeneratorTest$Describe_generate" time="0.002"/>
  <testcase name="repetition 28 of 102" classname="LottoRandomNumberGeneratorTest$Describe_generate" time="0.001"/>
  <testcase name="repetition 29 of 102" classname="LottoRandomNumberGeneratorTest$Describe_generate" time="0.0"/>
  <testcase name="repetition 30 of 102" classname="LottoRandomNumberGeneratorTest$Describe_generate" time="0.0"/>
  <testcase name="repetition 31 of 102" classname="LottoRandomNumberGeneratorTest$Describe_generate" time="0.0"/>
  <testcase name="repetition 32 of 102" classname="LottoRandomNumberGeneratorTest$Describe_generate" time="0.001"/>
  <testcase name="repetition 33 of 102" classname="LottoRandomNumberGeneratorTest$Describe_generate" time="0.0"/>
  <testcase name="repetition 34 of 102" classname="LottoRandomNumberGeneratorTest$Describe_generate" time="0.0"/>
  <testcase name="repetition 35 of 102" classname="LottoRandomNumberGeneratorTest$Describe_generate" time="0.001"/>
  <testcase name="repetition 36 of 102" classname="LottoRandomNumberGeneratorTest$Describe_generate" time="0.0"/>
  <testcase name="repetition 37 of 102" classname="LottoRandomNumberGeneratorTest$Describe_generate" time="0.0"/>
  <testcase name="repetition 38 of 102" classname="LottoRandomNumberGeneratorTest$Describe_generate" time="0.008"/>
  <testcase name="repetition 39 of 102" classname="LottoRandomNumberGeneratorTest$Describe_generate" time="0.002"/>
  <testcase name="repetition 40 of 102" classname="LottoRandomNumberGeneratorTest$Describe_generate" time="0.0"/>
  <testcase name="repetition 41 of 102" classname="LottoRandomNumberGeneratorTest$Describe_generate" time="0.0"/>
  <testcase name="repetition 42 of 102" classname="LottoRandomNumberGeneratorTest$Describe_generate" time="0.001"/>
  <testcase name="repetition 43 of 102" classname="LottoRandomNumberGeneratorTest$Describe_generate" time="0.001"/>
  <testcase name="repetition 44 of 102" classname="LottoRandomNumberGeneratorTest$Describe_generate" time="0.002"/>
  <testcase name="repetition 45 of 102" classname="LottoRandomNumberGeneratorTest$Describe_generate" time="0.0"/>
  <testcase name="repetition 46 of 102" classname="LottoRandomNumberGeneratorTest$Describe_generate" time="0.0"/>
  <testcase name="repetition 47 of 102" classname="LottoRandomNumberGeneratorTest$Describe_generate" time="0.0"/>
  <testcase name="repetition 48 of 102" classname="LottoRandomNumberGeneratorTest$Describe_generate" time="0.0"/>
  <testcase name="repetition 49 of 102" classname="LottoRandomNumberGeneratorTest$Describe_generate" time="0.001"/>
  <testcase name="repetition 50 of 102" classname="LottoRandomNumberGeneratorTest$Describe_generate" time="0.005"/>
  <testcase name="repetition 51 of 102" classname="LottoRandomNumberGeneratorTest$Describe_generate" time="0.0"/>
  <testcase name="repetition 52 of 102" classname="LottoRandomNumberGeneratorTest$Describe_generate" time="0.0"/>
  <testcase name="repetition 53 of 102" classname="LottoRandomNumberGeneratorTest$Describe_generate" time="0.004"/>
  <testcase name="repetition 54 of 102" classname="LottoRandomNumberGeneratorTest$Describe_generate" time="0.0"/>
  <testcase name="repetition 55 of 102" classname="LottoRandomNumberGeneratorTest$Describe_generate" time="0.0"/>
  <testcase name="repetition 56 of 102" classname="LottoRandomNumberGeneratorTest$Describe_generate" time="0.0"/>
  <testcase name="repetition 57 of 102" classname="LottoRandomNumberGeneratorTest$Describe_generate" time="0.0"/>
  <testcase name="repetition 58 of 102" classname="LottoRandomNumberGeneratorTest$Describe_generate" time="0.0"/>
  <testcase name="repetition 59 of 102" classname="LottoRandomNumberGeneratorTest$Describe_generate" time="0.0"/>
  <testcase name="repetition 60 of 102" classname="LottoRandomNumberGeneratorTest$Describe_generate" time="0.0"/>
  <testcase name="repetition 61 of 102" classname="LottoRandomNumberGeneratorTest$Describe_generate" time="0.0"/>
  <testcase name="repetition 62 of 102" classname="LottoRandomNumberGeneratorTest$Describe_generate" time="0.0"/>
  <testcase name="repetition 63 of 102" classname="LottoRandomNumberGeneratorTest$Describe_generate" time="0.002"/>
  <testcase name="repetition 64 of 102" classname="LottoRandomNumberGeneratorTest$Describe_generate" time="0.006"/>
  <testcase name="repetition 65 of 102" classname="LottoRandomNumberGeneratorTest$Describe_generate" time="0.002"/>
  <testcase name="repetition 66 of 102" classname="LottoRandomNumberGeneratorTest$Describe_generate" time="0.0"/>
  <testcase name="repetition 67 of 102" classname="LottoRandomNumberGeneratorTest$Describe_generate" time="0.0"/>
  <testcase name="repetition 68 of 102" classname="LottoRandomNumberGeneratorTest$Describe_generate" time="0.0"/>
  <testcase name="repetition 69 of 102" classname="LottoRandomNumberGeneratorTest$Describe_generate" time="0.0"/>
  <testcase name="repetition 70 of 102" classname="LottoRandomNumberGeneratorTest$Describe_generate" time="0.0"/>
  <testcase name="repetition 71 of 102" classname="LottoRandomNumberGeneratorTest$Describe_generate" time="0.0"/>
  <testcase name="repetition 72 of 102" classname="LottoRandomNumberGeneratorTest$Describe_generate" time="0.0"/>
  <testcase name="repetition 73 of 102" classname="LottoRandomNumberGeneratorTest$Describe_generate" time="0.0"/>
  <testcase name="repetition 74 of 102" classname="LottoRandomNumberGeneratorTest$Describe_generate" time="0.001"/>
  <testcase name="repetition 75 of 102" classname="LottoRandomNumberGeneratorTest$Describe_generate" time="0.0"/>
  <testcase name="repetition 76 of 102" classname="LottoRandomNumberGeneratorTest$Describe_generate" time="0.004"/>
  <testcase name="repetition 77 of 102" classname="LottoRandomNumberGeneratorTest$Describe_generate" time="0.0"/>
  <testcase name="repetition 78 of 102" classname="LottoRandomNumberGeneratorTest$Describe_generate" time="0.0"/>
  <testcase name="repetition 79 of 102" classname="LottoRandomNumberGeneratorTest$Describe_generate" time="0.0"/>
  <testcase name="repetition 80 of 102" classname="LottoRandomNumberGeneratorTest$Describe_generate" time="0.001"/>
  <testcase name="repetition 81 of 102" classname="LottoRandomNumberGeneratorTest$Describe_generate" time="0.0"/>
  <testcase name="repetition 82 of 102" classname="LottoRandomNumberGeneratorTest$Describe_generate" time="0.001"/>
  <testcase name="repetition 83 of 102" classname="LottoRandomNumberGeneratorTest$Describe_generate" time="0.0"/>
  <testcase name="repetition 84 of 102" classname="LottoRandomNumberGeneratorTest$Describe_generate" time="0.001"/>
  <testcase name="repetition 85 of 102" classname="LottoRandomNumberGeneratorTest$Describe_generate" time="0.001"/>
  <testcase name="repetition 86 of 102" classname="LottoRandomNumberGeneratorTest$Describe_generate" time="0.0"/>
  <testcase name="repetition 87 of 102" classname="LottoRandomNumberGeneratorTest$Describe_generate" time="0.0"/>
  <testcase name="repetition 88 of 102" classname="LottoRandomNumberGeneratorTest$Describe_generate" time="0.0"/>
  <testcase name="repetition 89 of 102" classname="LottoRandomNumberGeneratorTest$Describe_generate" time="0.0"/>
  <testcase name="repetition 90 of 102" classname="LottoRandomNumberGeneratorTest$Describe_generate" time="0.0"/>
  <testcase name="repetition 91 of 102" classname="LottoRandomNumberGeneratorTest$Describe_generate" time="0.0"/>
  <testcase name="repetition 92 of 102" classname="LottoRandomNumberGeneratorTest$Describe_generate" time="0.001"/>
  <testcase name="repetition 93 of 102" classname="LottoRandomNumberGeneratorTest$Describe_generate" time="0.003"/>
  <testcase name="repetition 94 of 102" classname="LottoRandomNumberGeneratorTest$Describe_generate" time="0.001"/>
  <testcase name="repetition 95 of 102" classname="LottoRandomNumberGeneratorTest$Describe_generate" time="0.0"/>
  <testcase name="repetition 96 of 102" classname="LottoRandomNumberGeneratorTest$Describe_generate" time="0.0"/>
  <testcase name="repetition 97 of 102" classname="LottoRandomNumberGeneratorTest$Describe_generate" time="0.003"/>
  <testcase name="repetition 98 of 102" classname="LottoRandomNumberGeneratorTest$Describe_generate" time="0.0"/>
  <testcase name="repetition 99 of 102" classname="LottoRandomNumberGeneratorTest$Describe_generate" time="0.0"/>
  <testcase name="repetition 100 of 102" classname="LottoRandomNumberGeneratorTest$Describe_generate" time="0.0"/>
  <testcase name="repetition 101 of 102" classname="LottoRandomNumberGeneratorTest$Describe_generate" time="0.0"/>
  <testcase name="repetition 102 of 102" classname="LottoRandomNumberGeneratorTest$Describe_generate" time="0.001"/>
  <system-out><![CDATA[]]></system-out>
  <system-err><![CDATA[]]></system-err>
</testsuite>
